android/app/build/intermediates/manifest_merge_blame_file/release/manifest-merger-blame-release-report.txt
1<?xml version="1.0" encoding="utf-8"?>
2<manifest xmlns:android="http://schemas.android.com/apk/res/android"
3    package="com.yumm.yumm"
4    android:versionCode="1"
5    android:versionName="1.0.0" >
6
7    <uses-sdk
8        android:minSdkVersion="21"
9        android:targetSdkVersion="34" />
10
11    <uses-permission android:name="android.permission.INTERNET" />
11-->src\main\AndroidManifest.xml:4:4-65
11-->src\main\AndroidManifest.xml:4:21-63
12    <!--
13         Required to query activities that can process text, see:
14         https://developer.android.com/training/package-visibility and
15         https://developer.android.com/reference/android/content/Intent#ACTION_PROCESS_TEXT.
16
17         In particular, this is used by the Flutter engine in io.flutter.plugin.text.ProcessTextPlugin.
18    -->
19    <queries>
19-->src\main\AndroidManifest.xml:48:5-53:15
20        <intent>
20-->src\main\AndroidManifest.xml:49:9-52:18
21            <action android:name="android.intent.action.PROCESS_TEXT" />
21-->src\main\AndroidManifest.xml:50:13-72
21-->src\main\AndroidManifest.xml:50:21-70
22
23            <data android:mimeType="text/plain" />
23-->src\main\AndroidManifest.xml:51:13-50
23-->src\main\AndroidManifest.xml:51:19-48
24        </intent>
25    </queries>
26
27    <permission
27-->[androidx.core:core:1.13.1] AndroidManifest.xml:22:5-24:47
28        android:name="com.yumm.yumm.DYNAMIC_RECEIVER_NOT_EXPORTED_PERMISSION"
28-->[androidx.core:core:1.13.1] AndroidManifest.xml:23:9-81
29        android:protectionLevel="signature" />
29-->[androidx.core:core:1.13.1] AndroidManifest.xml:24:9-44
30
31    <uses-permission android:name="com.yumm.yumm.DYNAMIC_RECEIVER_NOT_EXPORTED_PERMISSION" />
31-->[androidx.core:core:1.13.1] AndroidManifest.xml:26:5-97
31-->[androidx.core:core:1.13.1] AndroidManifest.xml:26:22-94
32
33    <application
34        android:name="android.app.Application"
34-->src\main\AndroidManifest.xml:8:9-42
35        android:appComponentFactory="androidx.core.app.CoreComponentFactory"
35-->[androidx.core:core:1.13.1] AndroidManifest.xml:28:18-86
36        android:extractNativeLibs="true"
37        android:icon="@mipmap/ic_launcher"
37-->src\main\AndroidManifest.xml:9:9-43
38        android:label="YUMM"
38-->src\main\AndroidManifest.xml:7:9-29
39        android:usesCleartextTraffic="true" >
39-->src\main\AndroidManifest.xml:10:9-44
40        <activity
40-->src\main\AndroidManifest.xml:15:9-36:20
41            android:name="com.yumm.yumm.MainActivity"
41-->src\main\AndroidManifest.xml:16:13-41
42            android:configChanges="orientation|keyboardHidden|keyboard|screenSize|smallestScreenSize|locale|layoutDirection|fontScale|screenLayout|density|uiMode"
42-->src\main\AndroidManifest.xml:21:13-163
43            android:exported="true"
43-->src\main\AndroidManifest.xml:17:13-36
44            android:hardwareAccelerated="true"
44-->src\main\AndroidManifest.xml:22:13-47
45            android:launchMode="singleTop"
45-->src\main\AndroidManifest.xml:18:13-43
46            android:taskAffinity=""
46-->src\main\AndroidManifest.xml:19:13-36
47            android:theme="@style/LaunchTheme"
47-->src\main\AndroidManifest.xml:20:13-47
48            android:windowSoftInputMode="adjustResize" >
48-->src\main\AndroidManifest.xml:23:13-55
49
50            <!--
51                 Specifies an Android theme to apply to this Activity as soon as
52                 the Android process has started. This theme is visible to the user
53                 while the Flutter UI initializes. After that, this theme continues
54                 to determine the Window background behind the Flutter UI.
55            -->
56            <meta-data
56-->src\main\AndroidManifest.xml:28:13-31:17
57                android:name="io.flutter.embedding.android.NormalTheme"
57-->src\main\AndroidManifest.xml:29:15-70
58                android:resource="@style/NormalTheme" />
58-->src\main\AndroidManifest.xml:30:15-52
59
60            <intent-filter>
60-->src\main\AndroidManifest.xml:32:13-35:29
61                <action android:name="android.intent.action.MAIN" />
61-->src\main\AndroidManifest.xml:33:17-68
61-->src\main\AndroidManifest.xml:33:25-66
62
63                <category android:name="android.intent.category.LAUNCHER" />
63-->src\main\AndroidManifest.xml:34:17-76
63-->src\main\AndroidManifest.xml:34:27-74
64            </intent-filter>
65        </activity>
66        <!--
67             Don't delete the meta-data below.
68             This is used by the Flutter tool to generate GeneratedPluginRegistrant.java
69        -->
70        <meta-data
70-->src\main\AndroidManifest.xml:39:9-41:33
71            android:name="flutterEmbedding"
71-->src\main\AndroidManifest.xml:40:13-44
72            android:value="2" />
72-->src\main\AndroidManifest.xml:41:13-30
73
74        <activity
74-->[com.google.android.gms:play-services-auth:21.0.0] AndroidManifest.xml:23:9-27:75
75            android:name="com.google.android.gms.auth.api.signin.internal.SignInHubActivity"
75-->[com.google.android.gms:play-services-auth:21.0.0] AndroidManifest.xml:24:13-93
76            android:excludeFromRecents="true"
76-->[com.google.android.gms:play-services-auth:21.0.0] AndroidManifest.xml:25:13-46
77            android:exported="false"
77-->[com.google.android.gms:play-services-auth:21.0.0] AndroidManifest.xml:26:13-37
78            android:theme="@android:style/Theme.Translucent.NoTitleBar" />
78-->[com.google.android.gms:play-services-auth:21.0.0] AndroidManifest.xml:27:13-72
79        <!--
80            Service handling Google Sign-In user revocation. For apps that do not integrate with
81            Google Sign-In, this service will never be started.
82        -->
83        <service
83-->[com.google.android.gms:play-services-auth:21.0.0] AndroidManifest.xml:33:9-37:51
84            android:name="com.google.android.gms.auth.api.signin.RevocationBoundService"
84-->[com.google.android.gms:play-services-auth:21.0.0] AndroidManifest.xml:34:13-89
85            android:exported="true"
85-->[com.google.android.gms:play-services-auth:21.0.0] AndroidManifest.xml:35:13-36
86            android:permission="com.google.android.gms.auth.api.signin.permission.REVOCATION_NOTIFICATION"
86-->[com.google.android.gms:play-services-auth:21.0.0] AndroidManifest.xml:36:13-107
87            android:visibleToInstantApps="true" />
87-->[com.google.android.gms:play-services-auth:21.0.0] AndroidManifest.xml:37:13-48
88
89        <activity
89-->[com.google.android.gms:play-services-base:18.0.1] AndroidManifest.xml:20:9-22:45
90            android:name="com.google.android.gms.common.api.GoogleApiActivity"
90-->[com.google.android.gms:play-services-base:18.0.1] AndroidManifest.xml:20:19-85
91            android:exported="false"
91-->[com.google.android.gms:play-services-base:18.0.1] AndroidManifest.xml:22:19-43
92            android:theme="@android:style/Theme.Translucent.NoTitleBar" />
92-->[com.google.android.gms:play-services-base:18.0.1] AndroidManifest.xml:21:19-78
93
94        <meta-data
94-->[com.google.android.gms:play-services-basement:18.2.0] AndroidManifest.xml:21:9-23:69
95            android:name="com.google.android.gms.version"
95-->[com.google.android.gms:play-services-basement:18.2.0] AndroidManifest.xml:22:13-58
96            android:value="@integer/google_play_services_version" />
96-->[com.google.android.gms:play-services-basement:18.2.0] AndroidManifest.xml:23:13-66
97
98        <uses-library
98-->[androidx.window:window:1.2.0] AndroidManifest.xml:23:9-25:40
99            android:name="androidx.window.extensions"
99-->[androidx.window:window:1.2.0] AndroidManifest.xml:24:13-54
100            android:required="false" />
100-->[androidx.window:window:1.2.0] AndroidManifest.xml:25:13-37
101        <uses-library
101-->[androidx.window:window:1.2.0] AndroidManifest.xml:26:9-28:40
102            android:name="androidx.window.sidecar"
102-->[androidx.window:window:1.2.0] AndroidManifest.xml:27:13-51
103            android:required="false" />
103-->[androidx.window:window:1.2.0] AndroidManifest.xml:28:13-37
104
105        <provider
105-->[androidx.lifecycle:lifecycle-process:2.7.0] AndroidManifest.xml:24:9-32:20
106            android:name="androidx.startup.InitializationProvider"
106-->[androidx.lifecycle:lifecycle-process:2.7.0] AndroidManifest.xml:25:13-67
107            android:authorities="com.yumm.yumm.androidx-startup"
107-->[androidx.lifecycle:lifecycle-process:2.7.0] AndroidManifest.xml:26:13-68
108            android:exported="false" >
108-->[androidx.lifecycle:lifecycle-process:2.7.0] AndroidManifest.xml:27:13-37
109            <meta-data
109-->[androidx.lifecycle:lifecycle-process:2.7.0] AndroidManifest.xml:29:13-31:52
110                android:name="androidx.lifecycle.ProcessLifecycleInitializer"
110-->[androidx.lifecycle:lifecycle-process:2.7.0] AndroidManifest.xml:30:17-78
111                android:value="androidx.startup" />
111-->[androidx.lifecycle:lifecycle-process:2.7.0] AndroidManifest.xml:31:17-49
112            <meta-data
112-->[androidx.profileinstaller:profileinstaller:1.3.1] AndroidManifest.xml:29:13-31:52
113                android:name="androidx.profileinstaller.ProfileInstallerInitializer"
113-->[androidx.profileinstaller:profileinstaller:1.3.1] AndroidManifest.xml:30:17-85
114                android:value="androidx.startup" />
114-->[androidx.profileinstaller:profileinstaller:1.3.1] AndroidManifest.xml:31:17-49
115        </provider>
116
117        <receiver
117-->[androidx.profileinstaller:profileinstaller:1.3.1] AndroidManifest.xml:34:9-52:20
118            android:name="androidx.profileinstaller.ProfileInstallReceiver"
118-->[androidx.profileinstaller:profileinstaller:1.3.1] AndroidManifest.xml:35:13-76
119            android:directBootAware="false"
119-->[androidx.profileinstaller:profileinstaller:1.3.1] AndroidManifest.xml:36:13-44
120            android:enabled="true"
120-->[androidx.profileinstaller:profileinstaller:1.3.1] AndroidManifest.xml:37:13-35
121            android:exported="true"
121-->[androidx.profileinstaller:profileinstaller:1.3.1] AndroidManifest.xml:38:13-36
122            android:permission="android.permission.DUMP" >
122-->[androidx.profileinstaller:profileinstaller:1.3.1] AndroidManifest.xml:39:13-57
123            <intent-filter>
123-->[androidx.profileinstaller:profileinstaller:1.3.1] AndroidManifest.xml:40:13-42:29
124                <action android:name="androidx.profileinstaller.action.INSTALL_PROFILE" />
124-->[androidx.profileinstaller:profileinstaller:1.3.1] AndroidManifest.xml:41:17-91
124-->[androidx.profileinstaller:profileinstaller:1.3.1] AndroidManifest.xml:41:25-88
125            </intent-filter>
126            <intent-filter>
126-->[androidx.profileinstaller:profileinstaller:1.3.1] AndroidManifest.xml:43:13-45:29
127                <action android:name="androidx.profileinstaller.action.SKIP_FILE" />
127-->[androidx.profileinstaller:profileinstaller:1.3.1] AndroidManifest.xml:44:17-85
127-->[androidx.profileinstaller:profileinstaller:1.3.1] AndroidManifest.xml:44:25-82
128            </intent-filter>
129            <intent-filter>
129-->[androidx.profileinstaller:profileinstaller:1.3.1] AndroidManifest.xml:46:13-48:29
130                <action android:name="androidx.profileinstaller.action.SAVE_PROFILE" />
130-->[androidx.profileinstaller:profileinstaller:1.3.1] AndroidManifest.xml:47:17-88
130-->[androidx.profileinstaller:profileinstaller:1.3.1] AndroidManifest.xml:47:25-85
131            </intent-filter>
132            <intent-filter>
132-->[androidx.profileinstaller:profileinstaller:1.3.1] AndroidManifest.xml:49:13-51:29
133                <action android:name="androidx.profileinstaller.action.BENCHMARK_OPERATION" />
133-->[androidx.profileinstaller:profileinstaller:1.3.1] AndroidManifest.xml:50:17-95
133-->[androidx.profileinstaller:profileinstaller:1.3.1] AndroidManifest.xml:50:25-92
134            </intent-filter>
135        </receiver>
136    </application>
137
138</manifest>